<?xml version="1.0" encoding="UTF-8"?>
<!-- Generated by org.testng.reporters.JUnitReportReporter -->
<testsuite hostname="DESKTOP-PV6I9IE" failures="0" tests="1" name="tests.ChangeCurrencyTest" time="4.121" errors="0" timestamp="2023-09-09T12:42:21 EET" skipped="0">
  <testcase classname="tests.ChangeCurrencyTest" name="UserCanChangeCurrency" time="4.121"/>
</testsuite> <!-- tests.ChangeCurrencyTest -->
