<?xml version="1.0" encoding="UTF-8"?>
<!-- Generated by org.testng.reporters.JUnitReportReporter -->
<testsuite hostname="DESKTOP-PV6I9IE" failures="0" tests="2" name="tests.EmailFriendTest" time="3.161" errors="0" timestamp="2023-09-09T12:42:21 EET" skipped="0">
  <testcase classname="tests.EmailFriendTest" name="UserCanSearchForProductWithAutoSuggestScenario" time="1.665"/>
  <testcase classname="tests.EmailFriendTest" name="UserCanEmailFriend" time="1.496"/>
</testsuite> <!-- tests.EmailFriendTest -->
