<?xml version="1.0" encoding="UTF-8"?>
<!-- Generated by org.testng.reporters.JUnitReportReporter -->
<testsuite hostname="DESKTOP-PV6I9IE" failures="0" tests="4" name="tests.GuestUserCheckOutAndOrderDetailsTest" time="12.335" errors="0" timestamp="2023-07-29T17:50:31 EET" skipped="0">
  <testcase classname="tests.GuestUserCheckOutAndOrderDetailsTest" name="GuestUserCanCheckOut" time="8.025"/>
  <testcase classname="tests.GuestUserCheckOutAndOrderDetailsTest" name="GuestUserCanSearchForProduct" time="2.090"/>
  <testcase classname="tests.GuestUserCheckOutAndOrderDetailsTest" name="GuestUserCanAddProductToCart" time="1.321"/>
  <testcase classname="tests.GuestUserCheckOutAndOrderDetailsTest" name="GuestUserCanViewOrderDetails" time="0.899"/>
</testsuite> <!-- tests.GuestUserCheckOutAndOrderDetailsTest -->
