<?xml version="1.0" encoding="UTF-8"?>
<!-- Generated by org.testng.reporters.JUnitReportReporter -->
<testsuite hostname="DESKTOP-PV6I9IE" failures="0" tests="3" name="tests.AddProductToWishListTest" time="3.300" errors="0" timestamp="2023-09-09T12:42:21 EET" skipped="0">
  <testcase classname="tests.AddProductToWishListTest" name="UserCanAddProductToWishList" time="1.165"/>
  <testcase classname="tests.AddProductToWishListTest" name="UserCanRemoveProductFromWishList" time="0.544"/>
  <testcase classname="tests.AddProductToWishListTest" name="UserCanSearchForProductAutoSuggestScenario" time="1.591"/>
</testsuite> <!-- tests.AddProductToWishListTest -->
