<?xml version="1.0" encoding="UTF-8"?>
<!-- Generated by org.testng.reporters.JUnitReportReporter -->
<testsuite hostname="DESKTOP-PV6I9IE" failures="0" tests="1" name="tests.SearchProductTest" time="3.159" errors="0" timestamp="2023-07-05T23:51:48 EET" skipped="0">
  <testcase classname="tests.SearchProductTest" name="UserCanSearchForProductsBasicScenario" time="3.159"/>
</testsuite> <!-- tests.SearchProductTest -->
