<?xml version="1.0" encoding="UTF-8"?>
<!-- Generated by org.testng.reporters.JUnitReportReporter -->
<testsuite hostname="DESKTOP-PV6I9IE" failures="0" tests="4" name="tests.UserCheckOutAndViewOrderDetailsTest" time="11.420" errors="0" timestamp="2023-08-04T14:35:37 EET" skipped="0">
  <testcase classname="tests.UserCheckOutAndViewOrderDetailsTest" name="RegisteredUserCanSearchForProduct" time="1.841"/>
  <testcase classname="tests.UserCheckOutAndViewOrderDetailsTest" name="RegisteredUserCanAddProductToCart" time="1.663"/>
  <testcase classname="tests.UserCheckOutAndViewOrderDetailsTest" name="RegisteredUserCanViewOrderDetails" time="0.727"/>
  <testcase classname="tests.UserCheckOutAndViewOrderDetailsTest" name="RegisteredUserCanCheckOut" time="7.189"/>
</testsuite> <!-- tests.UserCheckOutAndViewOrderDetailsTest -->
