<?xml version="1.0" encoding="UTF-8"?>
<!-- Generated by org.testng.reporters.JUnitReportReporter -->
<testsuite hostname="DESKTOP-PV6I9IE" failures="0" tests="3" name="tests.AddProductToShoppingCartTest" time="5.372" errors="0" timestamp="2023-09-09T12:42:21 EET" skipped="0">
  <testcase classname="tests.AddProductToShoppingCartTest" name="UserCanAddProductToShoppingCart" time="3.217"/>
  <testcase classname="tests.AddProductToShoppingCartTest" name="UserCanRemoveProductFromShoppingCart" time="0.724"/>
  <testcase classname="tests.AddProductToShoppingCartTest" name="UserCanUpdateProductQuantity" time="1.431"/>
</testsuite> <!-- tests.AddProductToShoppingCartTest -->
