<?xml version="1.0" encoding="UTF-8"?>
<!-- Generated by org.testng.reporters.JUnitReportReporter -->
<testsuite hostname="DESKTOP-PV6I9IE" failures="0" tests="4" name="tests.RegisteredUserCheckOutAndViewOrderDetailsTest" time="16.314" errors="0" timestamp="2023-08-04T14:23:49 EET" skipped="0">
  <testcase classname="tests.RegisteredUserCheckOutAndViewOrderDetailsTest" name="RegisteredUserCanSearchForProduct" time="1.917"/>
  <testcase classname="tests.RegisteredUserCheckOutAndViewOrderDetailsTest" name="RegisteredUserCanAddProductToCart" time="1.854"/>
  <testcase classname="tests.RegisteredUserCheckOutAndViewOrderDetailsTest" name="RegisteredUserCanViewOrderDetails" time="1.287"/>
  <testcase classname="tests.RegisteredUserCheckOutAndViewOrderDetailsTest" name="RegisteredUserCanCheckOut" time="11.256"/>
</testsuite> <!-- tests.RegisteredUserCheckOutAndViewOrderDetailsTest -->
