<?xml version="1.0" encoding="UTF-8"?>
<!-- Generated by org.testng.reporters.JUnitReportReporter -->
<testsuite hostname="DESKTOP-PV6I9IE" failures="0" tests="4" name="tests.AddProductToCompareTest" time="9.604" errors="0" timestamp="2023-09-09T12:42:21 EET" skipped="0">
  <testcase classname="tests.AddProductToCompareTest" name="UserCanAddProduct1ToCompareList" time="2.745"/>
  <testcase classname="tests.AddProductToCompareTest" name="UserCanAddProduct2ToCompareList" time="3.236"/>
  <testcase classname="tests.AddProductToCompareTest" name="UserCanCompareBetweenTwoProducts" time="2.594"/>
  <testcase classname="tests.AddProductToCompareTest" name="UserCanClearProductsCompareList" time="1.029"/>
</testsuite> <!-- tests.AddProductToCompareTest -->
