<?xml version="1.0" encoding="UTF-8"?>
<!-- Generated by org.testng.reporters.JUnitReportReporter -->
<testsuite hostname="DESKTOP-PV6I9IE" failures="0" tests="4" name="tests.UserCheckOutAndDownloadOrderDetailsTest" time="11.237" errors="0" timestamp="2023-09-09T12:42:21 EET" skipped="0">
  <testcase classname="tests.UserCheckOutAndDownloadOrderDetailsTest" name="RegisteredUserCanCheckOut" time="7.731"/>
  <testcase classname="tests.UserCheckOutAndDownloadOrderDetailsTest" name="RegisteredUserCanSearchForProduct" time="1.536"/>
  <testcase classname="tests.UserCheckOutAndDownloadOrderDetailsTest" name="RegisteredUserCanDownloadOrderDetails" time="0.654"/>
  <testcase classname="tests.UserCheckOutAndDownloadOrderDetailsTest" name="RegisteredUserCanAddProductToCart" time="1.316"/>
</testsuite> <!-- tests.UserCheckOutAndDownloadOrderDetailsTest -->
