<?xml version="1.0" encoding="UTF-8"?>
<!-- Generated by org.testng.reporters.JUnitReportReporter -->
<testsuite hostname="DESKTOP-PV6I9IE" failures="0" tests="6" name="tests.RegisteredUserCheckOutAndViewOrderDetails" time="12.269" errors="0" timestamp="2023-07-29T18:23:24 EET" skipped="0">
  <testcase classname="tests.RegisteredUserCheckOutAndViewOrderDetails" name="UserCanRegisterSuccessfully" time="2.018"/>
  <testcase classname="tests.RegisteredUserCheckOutAndViewOrderDetails" name="RegisteredUserCanLogin" time="1.489"/>
  <testcase classname="tests.RegisteredUserCheckOutAndViewOrderDetails" name="RegisteredUserCanAddProductToCart" time="1.026"/>
  <testcase classname="tests.RegisteredUserCheckOutAndViewOrderDetails" name="RegisteredUserCanViewOrderDetails" time="0.630"/>
  <testcase classname="tests.RegisteredUserCheckOutAndViewOrderDetails" name="RegisteredUserCanCheckOut" time="5.310"/>
  <testcase classname="tests.RegisteredUserCheckOutAndViewOrderDetails" name="RegisteredUserCanSearchForProduct" time="1.796"/>
</testsuite> <!-- tests.RegisteredUserCheckOutAndViewOrderDetails -->
