<?xml version="1.0" encoding="UTF-8"?>
<!-- Generated by org.testng.reporters.JUnitReportReporter -->
<testsuite hostname="DESKTOP-PV6I9IE" failures="0" tests="5" name="tests.MyAccountTest" time="9.450" errors="0" timestamp="2023-07-05T22:04:49 EET" skipped="0">
  <testcase classname="tests.MyAccountTest" name="UserRegisterSuccessfully" time="2.632"/>
  <testcase classname="tests.MyAccountTest" name="RegisteredUserCanChangePassword" time="1.976"/>
  <testcase classname="tests.MyAccountTest" name="RegisteredUserCanLoginWithNewPassword" time="1.514"/>
  <testcase classname="tests.MyAccountTest" name="RegisteredUserCanLogin" time="1.513"/>
  <testcase classname="tests.MyAccountTest" name="RegisteredUserCanLogout" time="1.815"/>
</testsuite> <!-- tests.MyAccountTest -->
