<?xml version="1.0" encoding="UTF-8"?>
<!-- Generated by org.testng.reporters.JUnitReportReporter -->
<testsuite hostname="DESKTOP-PV6I9IE" failures="0" tests="3" name="tests.ChangePasswordTest" time="9.775" errors="0" timestamp="2023-09-09T12:42:21 EET" skipped="0">
  <testcase classname="tests.ChangePasswordTest" name="RegisteredUserCanLoginWithNewPassword" time="2.061"/>
  <testcase classname="tests.ChangePasswordTest" name="RegisteredUserCanLogout" time="4.155"/>
  <testcase classname="tests.ChangePasswordTest" name="RegisteredUserCanChangePassword" time="3.559"/>
</testsuite> <!-- tests.ChangePasswordTest -->
