<?xml version="1.0" encoding="UTF-8"?>
<!-- Generated by org.testng.reporters.JUnitReportReporter -->
<testsuite hostname="DESKTOP-PV6I9IE" failures="0" tests="2" name="tests.ProductReviewTest" time="3.832" errors="0" timestamp="2023-09-09T12:42:21 EET" skipped="0">
  <testcase classname="tests.ProductReviewTest" name="OnlyRegisteredUserCanAddProductReview" time="2.033"/>
  <testcase classname="tests.ProductReviewTest" name="UserCanSearchForProductUsingAutoSuggestScenario" time="1.799"/>
</testsuite> <!-- tests.ProductReviewTest -->
