<?xml version="1.0" encoding="UTF-8"?>
<!-- Generated by org.testng.reporters.JUnitReportReporter -->
<testsuite hostname="DESKTOP-PV6I9IE" failures="0" tests="1" name="runner.TestRunner" time="1.203" errors="0" timestamp="2023-08-28T19:09:52 EET" skipped="0">
  <testcase classname="runner.TestRunner" name="runScenario" time="1.203"/>
</testsuite> <!-- runner.TestRunner -->
