<?xml version="1.0" encoding="UTF-8"?>
<!-- Generated by org.testng.reporters.JUnitReportReporter -->
<testsuite hostname="DESKTOP-PV6I9IE" failures="0" tests="1" name="tests.HoverMenuTest" time="6.022" errors="0" timestamp="2023-09-23T10:36:01 EET" skipped="0">
  <testcase classname="tests.HoverMenuTest" name="hoverMenuTest" time="6.022"/>
</testsuite> <!-- tests.HoverMenuTest -->
